<?xml version="1.0" encoding="UTF-8"?>
<root>
    <row>
        <CardNumber>5410000000000000</CardNumber>
        <ExpirationDate>3/20/2030</ExpirationDate>
        <NameOfCardholder>Alice</NameOfCardholder>
    </row>
</root>